2023-11-24T16:12:39.059+08:00  INFO 21144 --- [main] log.LogPropertiesDemoApplication         : Starting LogPropertiesDemoApplication using Java 17.0.8 with PID 21144 (D:\github project\spring-boot\spring-boot-properties\log\target\classes started by mr.who in D:\github project\spring-boot)
2023-11-24T16:12:39.063+08:00  INFO 21144 --- [main] log.LogPropertiesDemoApplication         : No active profile set, falling back to 1 default profile: "default"
2023-11-24T16:12:39.599+08:00  INFO 21144 --- [main] log.EnvironmentPropertiesPrinter         : ************************* PROPERTIES(ENVIRONMENT) ******************************
2023-11-24T16:12:39.600+08:00  INFO 21144 --- [main] log.EnvironmentPropertiesPrinter         : bael.property=defaultValue
2023-11-24T16:12:39.601+08:00  INFO 21144 --- [main] log.EnvironmentPropertiesPrinter         : app.name=MyApp
2023-11-24T16:12:39.601+08:00  INFO 21144 --- [main] log.EnvironmentPropertiesPrinter         : app.description=MyApp is a Spring Boot application
2023-11-24T16:12:39.601+08:00  INFO 21144 --- [main] log.EnvironmentPropertiesPrinter         : ******************************************************************************
2023-11-24T16:12:39.676+08:00  INFO 21144 --- [main] ppContextRefreshedEventPropertiesPrinter : ************************* ALL PROPERTIES(EVENT) ******************************
2023-11-24T16:12:39.677+08:00  INFO 21144 --- [main] ppContextRefreshedEventPropertiesPrinter : =::=::\
2023-11-24T16:12:39.678+08:00  INFO 21144 --- [main] ppContextRefreshedEventPropertiesPrinter : ALLUSERSPROFILE=C:\ProgramData
2023-11-24T16:12:39.678+08:00  INFO 21144 --- [main] ppContextRefreshedEventPropertiesPrinter : APPCODE_VM_OPTIONS=D:\dev_soft\ide\IntelliJ IDEA 2023.2\jetbra\vmoptions\appcode.vmoptions
2023-11-24T16:12:39.678+08:00  INFO 21144 --- [main] ppContextRefreshedEventPropertiesPrinter : APPDATA=C:\Users\mr.who\AppData\Roaming
2023-11-24T16:12:39.678+08:00  INFO 21144 --- [main] ppContextRefreshedEventPropertiesPrinter : CLASSPATH=.;D:\dev_soft\runtime\jdk8\lib\dt.jar;D:\dev_soft\runtime\jdk8\lib\tools.jar
2023-11-24T16:12:39.678+08:00  INFO 21144 --- [main] ppContextRefreshedEventPropertiesPrinter : CLION_VM_OPTIONS=D:\dev_soft\ide\IntelliJ IDEA 2023.2\jetbra\vmoptions\clion.vmoptions
2023-11-24T16:12:39.678+08:00  INFO 21144 --- [main] ppContextRefreshedEventPropertiesPrinter : COMPUTERNAME=DESKTOP-NT93MIO
2023-11-24T16:12:39.678+08:00  INFO 21144 --- [main] ppContextRefreshedEventPropertiesPrinter : CONSOLE_LOG_CHARSET=UTF-8
2023-11-24T16:12:39.678+08:00  INFO 21144 --- [main] ppContextRefreshedEventPropertiesPrinter : ComSpec=C:\Windows\system32\cmd.exe
2023-11-24T16:12:39.678+08:00  INFO 21144 --- [main] ppContextRefreshedEventPropertiesPrinter : CommonProgramFiles=C:\Program Files\Common Files
2023-11-24T16:12:39.679+08:00  INFO 21144 --- [main] ppContextRefreshedEventPropertiesPrinter : CommonProgramFiles(x86)=C:\Program Files (x86)\Common Files
2023-11-24T16:12:39.679+08:00  INFO 21144 --- [main] ppContextRefreshedEventPropertiesPrinter : CommonProgramW6432=C:\Program Files\Common Files
2023-11-24T16:12:39.679+08:00  INFO 21144 --- [main] ppContextRefreshedEventPropertiesPrinter : DATAGRIP_VM_OPTIONS=D:\dev_soft\ide\IntelliJ IDEA 2023.2\jetbra\vmoptions\datagrip.vmoptions
2023-11-24T16:12:39.679+08:00  INFO 21144 --- [main] ppContextRefreshedEventPropertiesPrinter : DATASPELL_VM_OPTIONS=D:\dev_soft\ide\IntelliJ IDEA 2023.2\jetbra\vmoptions\dataspell.vmoptions
2023-11-24T16:12:39.679+08:00  INFO 21144 --- [main] ppContextRefreshedEventPropertiesPrinter : DEVECOSTUDIO_VM_OPTIONS=D:\dev_soft\ide\IntelliJ IDEA 2023.2\jetbra\vmoptions\devecostudio.vmoptions
2023-11-24T16:12:39.679+08:00  INFO 21144 --- [main] ppContextRefreshedEventPropertiesPrinter : DataGrip=D:\dev_soft\ide\DataGrip 2023.2\bin;
2023-11-24T16:12:39.679+08:00  INFO 21144 --- [main] ppContextRefreshedEventPropertiesPrinter : DriverData=C:\Windows\System32\Drivers\DriverData
2023-11-24T16:12:39.679+08:00  INFO 21144 --- [main] ppContextRefreshedEventPropertiesPrinter : FILE_LOG_CHARSET=UTF-8
2023-11-24T16:12:39.679+08:00  INFO 21144 --- [main] ppContextRefreshedEventPropertiesPrinter : FPS_BROWSER_APP_PROFILE_STRING=Internet Explorer
2023-11-24T16:12:39.679+08:00  INFO 21144 --- [main] ppContextRefreshedEventPropertiesPrinter : FPS_BROWSER_USER_PROFILE_STRING=Default
2023-11-24T16:12:39.679+08:00  INFO 21144 --- [main] ppContextRefreshedEventPropertiesPrinter : GATEWAY_VM_OPTIONS=D:\dev_soft\ide\IntelliJ IDEA 2023.2\jetbra\vmoptions\gateway.vmoptions
2023-11-24T16:12:39.679+08:00  INFO 21144 --- [main] ppContextRefreshedEventPropertiesPrinter : GOLAND_VM_OPTIONS=D:\dev_soft\ide\IntelliJ IDEA 2023.2\jetbra\vmoptions\goland.vmoptions
2023-11-24T16:12:39.680+08:00  INFO 21144 --- [main] ppContextRefreshedEventPropertiesPrinter : GRADLE_HOME=D:\dev_soft\gradle-8.2.1
2023-11-24T16:12:39.680+08:00  INFO 21144 --- [main] ppContextRefreshedEventPropertiesPrinter : GRADLE_USER_HOME=D:\dev_soft\gradle-8.2.1\.gradle
2023-11-24T16:12:39.680+08:00  INFO 21144 --- [main] ppContextRefreshedEventPropertiesPrinter : HOMEDRIVE=C:
2023-11-24T16:12:39.680+08:00  INFO 21144 --- [main] ppContextRefreshedEventPropertiesPrinter : HOMEPATH=\Users\mr.who
2023-11-24T16:12:39.680+08:00  INFO 21144 --- [main] ppContextRefreshedEventPropertiesPrinter : IDEA_INITIAL_DIRECTORY=C:\Users\mr.who\Desktop
2023-11-24T16:12:39.680+08:00  INFO 21144 --- [main] ppContextRefreshedEventPropertiesPrinter : IDEA_VM_OPTIONS=D:\dev_soft\ide\IntelliJ IDEA 2023.2\jetbra\vmoptions\idea.vmoptions
2023-11-24T16:12:39.680+08:00  INFO 21144 --- [main] ppContextRefreshedEventPropertiesPrinter : IntelliJ IDEA=D:\dev_soft\ide\IntelliJ IDEA 2023.2\bin;
2023-11-24T16:12:39.680+08:00  INFO 21144 --- [main] ppContextRefreshedEventPropertiesPrinter : JAVA_HOME=D:\dev_soft\runtime\jdk8
2023-11-24T16:12:39.680+08:00  INFO 21144 --- [main] ppContextRefreshedEventPropertiesPrinter : JAVA_PLUGIN_WEBCONTROL_ENABLE=TRUE
2023-11-24T16:12:39.680+08:00  INFO 21144 --- [main] ppContextRefreshedEventPropertiesPrinter : JETBRAINSCLIENT_VM_OPTIONS=D:\dev_soft\ide\IntelliJ IDEA 2023.2\jetbra\vmoptions\jetbrainsclient.vmoptions
2023-11-24T16:12:39.680+08:00  INFO 21144 --- [main] ppContextRefreshedEventPropertiesPrinter : JETBRAINS_CLIENT_VM_OPTIONS=D:\dev_soft\ide\IntelliJ IDEA 2023.2\jetbra\vmoptions\jetbrains_client.vmoptions
2023-11-24T16:12:39.680+08:00  INFO 21144 --- [main] ppContextRefreshedEventPropertiesPrinter : LOCALAPPDATA=C:\Users\mr.who\AppData\Local
2023-11-24T16:12:39.681+08:00  INFO 21144 --- [main] ppContextRefreshedEventPropertiesPrinter : LOGONSERVER=\\DESKTOP-NT93MIO
2023-11-24T16:12:39.681+08:00  INFO 21144 --- [main] ppContextRefreshedEventPropertiesPrinter : LOG_FILE=myapplication.log
2023-11-24T16:12:39.681+08:00  INFO 21144 --- [main] ppContextRefreshedEventPropertiesPrinter : MAVEN_HOME=D:\dev_soft\apache-maven-3.9.4
2023-11-24T16:12:39.681+08:00  INFO 21144 --- [main] ppContextRefreshedEventPropertiesPrinter : NUMBER_OF_PROCESSORS=12
2023-11-24T16:12:39.681+08:00  INFO 21144 --- [main] ppContextRefreshedEventPropertiesPrinter : NVM_HOME=D:\dev_soft\runtime\nvm
2023-11-24T16:12:39.681+08:00  INFO 21144 --- [main] ppContextRefreshedEventPropertiesPrinter : NVM_SYMLINK=C:\Program Files\nodejs
2023-11-24T16:12:39.681+08:00  INFO 21144 --- [main] ppContextRefreshedEventPropertiesPrinter : OS=Windows_NT
2023-11-24T16:12:39.681+08:00  INFO 21144 --- [main] ppContextRefreshedEventPropertiesPrinter : OneDrive=C:\Users\mr.who\OneDrive
2023-11-24T16:12:39.681+08:00  INFO 21144 --- [main] ppContextRefreshedEventPropertiesPrinter : OneDriveConsumer=C:\Users\mr.who\OneDrive
2023-11-24T16:12:39.681+08:00  INFO 21144 --- [main] ppContextRefreshedEventPropertiesPrinter : PATHEXT=.COM;.EXE;.BAT;.CMD;.VBS;.VBE;.JS;.JSE;.WSF;.WSH;.MSC;.PY;.PYW
2023-11-24T16:12:39.682+08:00  INFO 21144 --- [main] ppContextRefreshedEventPropertiesPrinter : PHPSTORM_VM_OPTIONS=D:\dev_soft\ide\IntelliJ IDEA 2023.2\jetbra\vmoptions\phpstorm.vmoptions
2023-11-24T16:12:39.682+08:00  INFO 21144 --- [main] ppContextRefreshedEventPropertiesPrinter : PID=21144
2023-11-24T16:12:39.682+08:00  INFO 21144 --- [main] ppContextRefreshedEventPropertiesPrinter : PROCESSOR_ARCHITECTURE=AMD64
2023-11-24T16:12:39.682+08:00  INFO 21144 --- [main] ppContextRefreshedEventPropertiesPrinter : PROCESSOR_IDENTIFIER=Intel64 Family 6 Model 158 Stepping 10, GenuineIntel
2023-11-24T16:12:39.682+08:00  INFO 21144 --- [main] ppContextRefreshedEventPropertiesPrinter : PROCESSOR_LEVEL=6
2023-11-24T16:12:39.682+08:00  INFO 21144 --- [main] ppContextRefreshedEventPropertiesPrinter : PROCESSOR_REVISION=9e0a
2023-11-24T16:12:39.682+08:00  INFO 21144 --- [main] ppContextRefreshedEventPropertiesPrinter : PSModulePath=C:\Program Files\WindowsPowerShell\Modules;C:\Windows\system32\WindowsPowerShell\v1.0\Modules
2023-11-24T16:12:39.682+08:00  INFO 21144 --- [main] ppContextRefreshedEventPropertiesPrinter : PUBLIC=C:\Users\Public
2023-11-24T16:12:39.682+08:00  INFO 21144 --- [main] ppContextRefreshedEventPropertiesPrinter : PYCHARM_VM_OPTIONS=D:\dev_soft\ide\IntelliJ IDEA 2023.2\jetbra\vmoptions\pycharm.vmoptions
2023-11-24T16:12:39.682+08:00  INFO 21144 --- [main] ppContextRefreshedEventPropertiesPrinter : Path=C:\Program Files\Python312\Scripts\;C:\Program Files\Python312\;D:\dev_soft\VMware Workstation\bin\;C:\Windows\system32;C:\Windows;C:\Windows\System32\Wbem;C:\Windows\System32\WindowsPowerShell\v1.0\;C:\Windows\System32\OpenSSH\;D:\dev_soft\runtime\nvm;C:\Program Files\nodejs;D:\dev_soft\runtime\jdk8\bin;D:\dev_soft\runtime\jdk8\jre\bin;D:\dev_soft\Git\cmd;D:\dev_soft\gradle-8.2.1\bin;D:\dev_soft\protoc\bin;C:\Users\mr.who\AppData\Local\Microsoft\WindowsApps;D:\dev_soft\ide\Microsoft VS Code\bin;D:\dev_soft\ide\DataGrip 2023.2\bin;;D:\dev_soft\ide\IntelliJ IDEA 2023.2\bin;;D:\dev_soft\runtime\nvm;C:\Program Files\nodejs
2023-11-24T16:12:39.682+08:00  INFO 21144 --- [main] ppContextRefreshedEventPropertiesPrinter : ProgramData=C:\ProgramData
2023-11-24T16:12:39.682+08:00  INFO 21144 --- [main] ppContextRefreshedEventPropertiesPrinter : ProgramFiles=C:\Program Files
2023-11-24T16:12:39.682+08:00  INFO 21144 --- [main] ppContextRefreshedEventPropertiesPrinter : ProgramFiles(x86)=C:\Program Files (x86)
2023-11-24T16:12:39.682+08:00  INFO 21144 --- [main] ppContextRefreshedEventPropertiesPrinter : ProgramW6432=C:\Program Files
2023-11-24T16:12:39.683+08:00  INFO 21144 --- [main] ppContextRefreshedEventPropertiesPrinter : RIDER_VM_OPTIONS=D:\dev_soft\ide\IntelliJ IDEA 2023.2\jetbra\vmoptions\rider.vmoptions
2023-11-24T16:12:39.683+08:00  INFO 21144 --- [main] ppContextRefreshedEventPropertiesPrinter : RUBYMINE_VM_OPTIONS=D:\dev_soft\ide\IntelliJ IDEA 2023.2\jetbra\vmoptions\rubymine.vmoptions
2023-11-24T16:12:39.683+08:00  INFO 21144 --- [main] ppContextRefreshedEventPropertiesPrinter : SESSIONNAME=Console
2023-11-24T16:12:39.683+08:00  INFO 21144 --- [main] ppContextRefreshedEventPropertiesPrinter : STUDIO_VM_OPTIONS=D:\dev_soft\ide\IntelliJ IDEA 2023.2\jetbra\vmoptions\studio.vmoptions
2023-11-24T16:12:39.683+08:00  INFO 21144 --- [main] ppContextRefreshedEventPropertiesPrinter : SystemDrive=C:
2023-11-24T16:12:39.683+08:00  INFO 21144 --- [main] ppContextRefreshedEventPropertiesPrinter : SystemRoot=C:\Windows
2023-11-24T16:12:39.683+08:00  INFO 21144 --- [main] ppContextRefreshedEventPropertiesPrinter : TEMP=C:\Users\mr.who\AppData\Local\Temp
2023-11-24T16:12:39.683+08:00  INFO 21144 --- [main] ppContextRefreshedEventPropertiesPrinter : TMP=C:\Users\mr.who\AppData\Local\Temp
2023-11-24T16:12:39.683+08:00  INFO 21144 --- [main] ppContextRefreshedEventPropertiesPrinter : USERDOMAIN=DESKTOP-NT93MIO
2023-11-24T16:12:39.683+08:00  INFO 21144 --- [main] ppContextRefreshedEventPropertiesPrinter : USERDOMAIN_ROAMINGPROFILE=DESKTOP-NT93MIO
2023-11-24T16:12:39.683+08:00  INFO 21144 --- [main] ppContextRefreshedEventPropertiesPrinter : USERNAME=mr.who
2023-11-24T16:12:39.683+08:00  INFO 21144 --- [main] ppContextRefreshedEventPropertiesPrinter : USERPROFILE=C:\Users\mr.who
2023-11-24T16:12:39.683+08:00  INFO 21144 --- [main] ppContextRefreshedEventPropertiesPrinter : WEBIDE_VM_OPTIONS=D:\dev_soft\ide\IntelliJ IDEA 2023.2\jetbra\vmoptions\webide.vmoptions
2023-11-24T16:12:39.683+08:00  INFO 21144 --- [main] ppContextRefreshedEventPropertiesPrinter : WEBSTORM_VM_OPTIONS=D:\dev_soft\ide\IntelliJ IDEA 2023.2\jetbra\vmoptions\webstorm.vmoptions
2023-11-24T16:12:39.684+08:00  INFO 21144 --- [main] ppContextRefreshedEventPropertiesPrinter : ZES_ENABLE_SYSMAN=1
2023-11-24T16:12:39.684+08:00  INFO 21144 --- [main] ppContextRefreshedEventPropertiesPrinter : app.description=MyApp is a Spring Boot application
2023-11-24T16:12:39.684+08:00  INFO 21144 --- [main] ppContextRefreshedEventPropertiesPrinter : app.name=MyApp
2023-11-24T16:12:39.684+08:00  INFO 21144 --- [main] ppContextRefreshedEventPropertiesPrinter : application.servers[0].ip=127.0.0.1
2023-11-24T16:12:39.684+08:00  INFO 21144 --- [main] ppContextRefreshedEventPropertiesPrinter : application.servers[0].path=/path1
2023-11-24T16:12:39.684+08:00  INFO 21144 --- [main] ppContextRefreshedEventPropertiesPrinter : application.servers[1].ip=127.0.0.2
2023-11-24T16:12:39.684+08:00  INFO 21144 --- [main] ppContextRefreshedEventPropertiesPrinter : application.servers[1].path=/path2
2023-11-24T16:12:39.684+08:00  INFO 21144 --- [main] ppContextRefreshedEventPropertiesPrinter : application.servers[2].ip=127.0.0.3
2023-11-24T16:12:39.685+08:00  INFO 21144 --- [main] ppContextRefreshedEventPropertiesPrinter : application.servers[2].path=/path3
2023-11-24T16:12:39.685+08:00  INFO 21144 --- [main] ppContextRefreshedEventPropertiesPrinter : bael.otherProperty=defaultOtherValue
2023-11-24T16:12:39.685+08:00  INFO 21144 --- [main] ppContextRefreshedEventPropertiesPrinter : bael.property=defaultValue
2023-11-24T16:12:39.685+08:00  INFO 21144 --- [main] ppContextRefreshedEventPropertiesPrinter : com.sun.management.jmxremote=
2023-11-24T16:12:39.685+08:00  INFO 21144 --- [main] ppContextRefreshedEventPropertiesPrinter : file.encoding=UTF-8
2023-11-24T16:12:39.685+08:00  INFO 21144 --- [main] ppContextRefreshedEventPropertiesPrinter : file.separator=\
2023-11-24T16:12:39.685+08:00  INFO 21144 --- [main] ppContextRefreshedEventPropertiesPrinter : java.awt.headless=true
2023-11-24T16:12:39.685+08:00  INFO 21144 --- [main] ppContextRefreshedEventPropertiesPrinter : java.class.path=D:\github project\spring-boot\spring-boot-properties\log\target\classes;D:\dev_soft\apache-maven-3.9.4\localRepository\org\springframework\boot\spring-boot-starter\3.1.5\spring-boot-starter-3.1.5.jar;D:\dev_soft\apache-maven-3.9.4\localRepository\org\springframework\boot\spring-boot\3.1.5\spring-boot-3.1.5.jar;D:\dev_soft\apache-maven-3.9.4\localRepository\org\springframework\spring-context\6.0.13\spring-context-6.0.13.jar;D:\dev_soft\apache-maven-3.9.4\localRepository\org\springframework\spring-aop\6.0.13\spring-aop-6.0.13.jar;D:\dev_soft\apache-maven-3.9.4\localRepository\org\springframework\spring-beans\6.0.13\spring-beans-6.0.13.jar;D:\dev_soft\apache-maven-3.9.4\localRepository\org\springframework\spring-expression\6.0.13\spring-expression-6.0.13.jar;D:\dev_soft\apache-maven-3.9.4\localRepository\org\springframework\boot\spring-boot-autoconfigure\3.1.5\spring-boot-autoconfigure-3.1.5.jar;D:\dev_soft\apache-maven-3.9.4\localRepository\org\springframework\boot\spring-boot-starter-logging\3.1.5\spring-boot-starter-logging-3.1.5.jar;D:\dev_soft\apache-maven-3.9.4\localRepository\ch\qos\logback\logback-classic\1.4.11\logback-classic-1.4.11.jar;D:\dev_soft\apache-maven-3.9.4\localRepository\ch\qos\logback\logback-core\1.4.11\logback-core-1.4.11.jar;D:\dev_soft\apache-maven-3.9.4\localRepository\org\apache\logging\log4j\log4j-to-slf4j\2.20.0\log4j-to-slf4j-2.20.0.jar;D:\dev_soft\apache-maven-3.9.4\localRepository\org\apache\logging\log4j\log4j-api\2.20.0\log4j-api-2.20.0.jar;D:\dev_soft\apache-maven-3.9.4\localRepository\org\slf4j\jul-to-slf4j\2.0.9\jul-to-slf4j-2.0.9.jar;D:\dev_soft\apache-maven-3.9.4\localRepository\jakarta\annotation\jakarta.annotation-api\2.1.1\jakarta.annotation-api-2.1.1.jar;D:\dev_soft\apache-maven-3.9.4\localRepository\org\springframework\spring-core\6.0.13\spring-core-6.0.13.jar;D:\dev_soft\apache-maven-3.9.4\localRepository\org\springframework\spring-jcl\6.0.13\spring-jcl-6.0.13.jar;D:\dev_soft\apache-maven-3.9.4\localRepository\org\yaml\snakeyaml\1.33\snakeyaml-1.33.jar;D:\dev_soft\apache-maven-3.9.4\localRepository\org\slf4j\slf4j-api\2.0.9\slf4j-api-2.0.9.jar
2023-11-24T16:12:39.685+08:00  INFO 21144 --- [main] ppContextRefreshedEventPropertiesPrinter : java.class.version=61.0
2023-11-24T16:12:39.685+08:00  INFO 21144 --- [main] ppContextRefreshedEventPropertiesPrinter : java.home=D:\dev_soft\runtime\jdk-17.0.8
2023-11-24T16:12:39.685+08:00  INFO 21144 --- [main] ppContextRefreshedEventPropertiesPrinter : java.io.tmpdir=C:\Users\mr.who\AppData\Local\Temp\
2023-11-24T16:12:39.685+08:00  INFO 21144 --- [main] ppContextRefreshedEventPropertiesPrinter : java.library.path=D:\dev_soft\runtime\jdk-17.0.8\bin;C:\Windows\Sun\Java\bin;C:\Windows\system32;C:\Windows;C:\Program Files\Python312\Scripts\;C:\Program Files\Python312\;D:\dev_soft\VMware Workstation\bin\;C:\Windows\system32;C:\Windows;C:\Windows\System32\Wbem;C:\Windows\System32\WindowsPowerShell\v1.0\;C:\Windows\System32\OpenSSH\;D:\dev_soft\runtime\nvm;C:\Program Files\nodejs;D:\dev_soft\runtime\jdk8\bin;D:\dev_soft\runtime\jdk8\jre\bin;D:\dev_soft\Git\cmd;D:\dev_soft\gradle-8.2.1\bin;D:\dev_soft\protoc\bin;C:\Users\mr.who\AppData\Local\Microsoft\WindowsApps;D:\dev_soft\ide\Microsoft VS Code\bin;D:\dev_soft\ide\DataGrip 2023.2\bin;;D:\dev_soft\ide\IntelliJ IDEA 2023.2\bin;;D:\dev_soft\runtime\nvm;C:\Program Files\nodejs;.
2023-11-24T16:12:39.685+08:00  INFO 21144 --- [main] ppContextRefreshedEventPropertiesPrinter : java.rmi.server.randomIDs=true
2023-11-24T16:12:39.685+08:00  INFO 21144 --- [main] ppContextRefreshedEventPropertiesPrinter : java.runtime.name=Java(TM) SE Runtime Environment
2023-11-24T16:12:39.685+08:00  INFO 21144 --- [main] ppContextRefreshedEventPropertiesPrinter : java.runtime.version=17.0.8+9-LTS-211
2023-11-24T16:12:39.685+08:00  INFO 21144 --- [main] ppContextRefreshedEventPropertiesPrinter : java.specification.name=Java Platform API Specification
2023-11-24T16:12:39.686+08:00  INFO 21144 --- [main] ppContextRefreshedEventPropertiesPrinter : java.specification.vendor=Oracle Corporation
2023-11-24T16:12:39.686+08:00  INFO 21144 --- [main] ppContextRefreshedEventPropertiesPrinter : java.specification.version=17
2023-11-24T16:12:39.686+08:00  INFO 21144 --- [main] ppContextRefreshedEventPropertiesPrinter : java.vendor=Oracle Corporation
2023-11-24T16:12:39.686+08:00  INFO 21144 --- [main] ppContextRefreshedEventPropertiesPrinter : java.vendor.url=https://java.oracle.com/
2023-11-24T16:12:39.686+08:00  INFO 21144 --- [main] ppContextRefreshedEventPropertiesPrinter : java.vendor.url.bug=https://bugreport.java.com/bugreport/
2023-11-24T16:12:39.686+08:00  INFO 21144 --- [main] ppContextRefreshedEventPropertiesPrinter : java.version=17.0.8
2023-11-24T16:12:39.686+08:00  INFO 21144 --- [main] ppContextRefreshedEventPropertiesPrinter : java.version.date=2023-07-18
2023-11-24T16:12:39.686+08:00  INFO 21144 --- [main] ppContextRefreshedEventPropertiesPrinter : java.vm.compressedOopsMode=Zero based
2023-11-24T16:12:39.686+08:00  INFO 21144 --- [main] ppContextRefreshedEventPropertiesPrinter : java.vm.info=mixed mode, emulated-client, sharing
2023-11-24T16:12:39.686+08:00  INFO 21144 --- [main] ppContextRefreshedEventPropertiesPrinter : java.vm.name=Java HotSpot(TM) 64-Bit Server VM
2023-11-24T16:12:39.686+08:00  INFO 21144 --- [main] ppContextRefreshedEventPropertiesPrinter : java.vm.specification.name=Java Virtual Machine Specification
2023-11-24T16:12:39.686+08:00  INFO 21144 --- [main] ppContextRefreshedEventPropertiesPrinter : java.vm.specification.vendor=Oracle Corporation
2023-11-24T16:12:39.686+08:00  INFO 21144 --- [main] ppContextRefreshedEventPropertiesPrinter : java.vm.specification.version=17
2023-11-24T16:12:39.686+08:00  INFO 21144 --- [main] ppContextRefreshedEventPropertiesPrinter : java.vm.vendor=Oracle Corporation
2023-11-24T16:12:39.686+08:00  INFO 21144 --- [main] ppContextRefreshedEventPropertiesPrinter : java.vm.version=17.0.8+9-LTS-211
2023-11-24T16:12:39.686+08:00  INFO 21144 --- [main] ppContextRefreshedEventPropertiesPrinter : jdk.debug=release
2023-11-24T16:12:39.686+08:00  INFO 21144 --- [main] ppContextRefreshedEventPropertiesPrinter : line.separator=

2023-11-24T16:12:39.687+08:00  INFO 21144 --- [main] ppContextRefreshedEventPropertiesPrinter : logging.file.name=myapplication.log
2023-11-24T16:12:39.687+08:00  INFO 21144 --- [main] ppContextRefreshedEventPropertiesPrinter : management.endpoints.jmx.exposure.include=*
2023-11-24T16:12:39.687+08:00  INFO 21144 --- [main] ppContextRefreshedEventPropertiesPrinter : native.encoding=GBK
2023-11-24T16:12:39.687+08:00  INFO 21144 --- [main] ppContextRefreshedEventPropertiesPrinter : os.arch=amd64
2023-11-24T16:12:39.687+08:00  INFO 21144 --- [main] ppContextRefreshedEventPropertiesPrinter : os.name=Windows 10
2023-11-24T16:12:39.687+08:00  INFO 21144 --- [main] ppContextRefreshedEventPropertiesPrinter : os.version=10.0
2023-11-24T16:12:39.687+08:00  INFO 21144 --- [main] ppContextRefreshedEventPropertiesPrinter : path.separator=;
2023-11-24T16:12:39.687+08:00  INFO 21144 --- [main] ppContextRefreshedEventPropertiesPrinter : spring.application.admin.enabled=true
2023-11-24T16:12:39.687+08:00  INFO 21144 --- [main] ppContextRefreshedEventPropertiesPrinter : spring.datasource.password=password
2023-11-24T16:12:39.687+08:00  INFO 21144 --- [main] ppContextRefreshedEventPropertiesPrinter : spring.datasource.url=jdbc:h2:dev
2023-11-24T16:12:39.687+08:00  INFO 21144 --- [main] ppContextRefreshedEventPropertiesPrinter : spring.datasource.username=SA
2023-11-24T16:12:39.688+08:00  INFO 21144 --- [main] ppContextRefreshedEventPropertiesPrinter : spring.jmx.enabled=true
2023-11-24T16:12:39.688+08:00  INFO 21144 --- [main] ppContextRefreshedEventPropertiesPrinter : spring.liveBeansView.mbeanDomain=
2023-11-24T16:12:39.688+08:00  INFO 21144 --- [main] ppContextRefreshedEventPropertiesPrinter : spring.output.ansi.enabled=always
2023-11-24T16:12:39.688+08:00  INFO 21144 --- [main] ppContextRefreshedEventPropertiesPrinter : sun.arch.data.model=64
2023-11-24T16:12:39.688+08:00  INFO 21144 --- [main] ppContextRefreshedEventPropertiesPrinter : sun.boot.library.path=D:\dev_soft\runtime\jdk-17.0.8\bin
2023-11-24T16:12:39.688+08:00  INFO 21144 --- [main] ppContextRefreshedEventPropertiesPrinter : sun.cpu.endian=little
2023-11-24T16:12:39.688+08:00  INFO 21144 --- [main] ppContextRefreshedEventPropertiesPrinter : sun.cpu.isalist=amd64
2023-11-24T16:12:39.688+08:00  INFO 21144 --- [main] ppContextRefreshedEventPropertiesPrinter : sun.io.unicode.encoding=UnicodeLittle
2023-11-24T16:12:39.688+08:00  INFO 21144 --- [main] ppContextRefreshedEventPropertiesPrinter : sun.java.command=log.LogPropertiesDemoApplication
2023-11-24T16:12:39.688+08:00  INFO 21144 --- [main] ppContextRefreshedEventPropertiesPrinter : sun.java.launcher=SUN_STANDARD
2023-11-24T16:12:39.688+08:00  INFO 21144 --- [main] ppContextRefreshedEventPropertiesPrinter : sun.jnu.encoding=GBK
2023-11-24T16:12:39.688+08:00  INFO 21144 --- [main] ppContextRefreshedEventPropertiesPrinter : sun.management.compiler=HotSpot 64-Bit Tiered Compilers
2023-11-24T16:12:39.688+08:00  INFO 21144 --- [main] ppContextRefreshedEventPropertiesPrinter : sun.os.patch.level=
2023-11-24T16:12:39.688+08:00  INFO 21144 --- [main] ppContextRefreshedEventPropertiesPrinter : user.country=CN
2023-11-24T16:12:39.689+08:00  INFO 21144 --- [main] ppContextRefreshedEventPropertiesPrinter : user.dir=D:\github project\spring-boot
2023-11-24T16:12:39.689+08:00  INFO 21144 --- [main] ppContextRefreshedEventPropertiesPrinter : user.home=C:\Users\mr.who
2023-11-24T16:12:39.689+08:00  INFO 21144 --- [main] ppContextRefreshedEventPropertiesPrinter : user.language=zh
2023-11-24T16:12:39.689+08:00  INFO 21144 --- [main] ppContextRefreshedEventPropertiesPrinter : user.name=mr.who
2023-11-24T16:12:39.689+08:00  INFO 21144 --- [main] ppContextRefreshedEventPropertiesPrinter : user.script=
2023-11-24T16:12:39.689+08:00  INFO 21144 --- [main] ppContextRefreshedEventPropertiesPrinter : user.timezone=Asia/Shanghai
2023-11-24T16:12:39.689+08:00  INFO 21144 --- [main] ppContextRefreshedEventPropertiesPrinter : user.variant=
2023-11-24T16:12:39.689+08:00  INFO 21144 --- [main] ppContextRefreshedEventPropertiesPrinter : windir=C:\Windows
2023-11-24T16:12:39.689+08:00  INFO 21144 --- [main] ppContextRefreshedEventPropertiesPrinter : ******************************************************************************
2023-11-24T16:12:39.689+08:00  INFO 21144 --- [main] ppContextRefreshedEventPropertiesPrinter : ************************* APP PROPERTIES(EVENT) ******************************
2023-11-24T16:12:39.690+08:00  INFO 21144 --- [main] ppContextRefreshedEventPropertiesPrinter : app.description=MyApp is a Spring Boot application
2023-11-24T16:12:39.690+08:00  INFO 21144 --- [main] ppContextRefreshedEventPropertiesPrinter : app.name=MyApp
2023-11-24T16:12:39.690+08:00  INFO 21144 --- [main] ppContextRefreshedEventPropertiesPrinter : application.servers[0].ip=127.0.0.1
2023-11-24T16:12:39.690+08:00  INFO 21144 --- [main] ppContextRefreshedEventPropertiesPrinter : application.servers[0].path=/path1
2023-11-24T16:12:39.691+08:00  INFO 21144 --- [main] ppContextRefreshedEventPropertiesPrinter : application.servers[1].ip=127.0.0.2
2023-11-24T16:12:39.691+08:00  INFO 21144 --- [main] ppContextRefreshedEventPropertiesPrinter : application.servers[1].path=/path2
2023-11-24T16:12:39.691+08:00  INFO 21144 --- [main] ppContextRefreshedEventPropertiesPrinter : application.servers[2].ip=127.0.0.3
2023-11-24T16:12:39.691+08:00  INFO 21144 --- [main] ppContextRefreshedEventPropertiesPrinter : application.servers[2].path=/path3
2023-11-24T16:12:39.691+08:00  INFO 21144 --- [main] ppContextRefreshedEventPropertiesPrinter : bael.otherProperty=defaultOtherValue
2023-11-24T16:12:39.691+08:00  INFO 21144 --- [main] ppContextRefreshedEventPropertiesPrinter : bael.property=defaultValue
2023-11-24T16:12:39.691+08:00  INFO 21144 --- [main] ppContextRefreshedEventPropertiesPrinter : logging.file.name=myapplication.log
2023-11-24T16:12:39.691+08:00  INFO 21144 --- [main] ppContextRefreshedEventPropertiesPrinter : spring.datasource.password=password
2023-11-24T16:12:39.691+08:00  INFO 21144 --- [main] ppContextRefreshedEventPropertiesPrinter : spring.datasource.url=jdbc:h2:dev
2023-11-24T16:12:39.691+08:00  INFO 21144 --- [main] ppContextRefreshedEventPropertiesPrinter : spring.datasource.username=SA
2023-11-24T16:12:39.691+08:00  INFO 21144 --- [main] ppContextRefreshedEventPropertiesPrinter : ******************************************************************************
2023-11-24T16:12:39.695+08:00  INFO 21144 --- [main] log.LogPropertiesDemoApplication         : Started LogPropertiesDemoApplication in 1.23 seconds (process running for 2.325)
